[debug] [2018-06-30T22:08:01.291Z] ----------------------------------------------------------------------
[debug] [2018-06-30T22:08:01.293Z] Command:       /usr/local/Cellar/node/10.4.0/bin/node /usr/local/bin/firebase deploy
[debug] [2018-06-30T22:08:01.294Z] CLI Version:   3.18.6
[debug] [2018-06-30T22:08:01.294Z] Platform:      darwin
[debug] [2018-06-30T22:08:01.294Z] Node Version:  v8.11.3
[debug] [2018-06-30T22:08:01.294Z] Time:          Sat Jun 30 2018 19:08:01 GMT-0300 (-03)
[debug] [2018-06-30T22:08:01.294Z] ----------------------------------------------------------------------
[debug] 
[debug] [2018-06-30T22:08:01.346Z] > command requires scopes: ["email","openid","https://www.googleapis.com/auth/cloudplatformprojects.readonly","https://www.googleapis.com/auth/firebase","https://www.googleapis.com/auth/cloud-platform"]
[debug] [2018-06-30T22:08:01.346Z] > authorizing via signed-in user
[debug] [2018-06-30T22:08:01.348Z] > refreshing access token with scopes: ["email","https://www.googleapis.com/auth/cloud-platform","https://www.googleapis.com/auth/cloudplatformprojects.readonly","https://www.googleapis.com/auth/firebase","openid"]
[debug] [2018-06-30T22:08:01.348Z] >>> HTTP REQUEST POST https://www.googleapis.com/oauth2/v3/token  
 { refresh_token: '1/e0UKZRbdLIBEujSc9MjSmZ0UTW3UUkPbkN3oTd_tBGOgN_QJMCXM-yYxEF0Jso7c',
  client_id: '563584335869-fgrhgmd47bqnekij5i8b5pr03ho849e6.apps.googleusercontent.com',
  client_secret: 'j9iVZfS8kkCEFUPaAeJV0sAi',
  grant_type: 'refresh_token',
  scope: 'email https://www.googleapis.com/auth/cloud-platform https://www.googleapis.com/auth/cloudplatformprojects.readonly https://www.googleapis.com/auth/firebase openid' } 
 Sat Jun 30 2018 19:08:01 GMT-0300 (-03)
[debug] [2018-06-30T22:08:05.136Z] <<< HTTP RESPONSE 200
[debug] [2018-06-30T22:08:05.211Z] >>> HTTP REQUEST GET https://admin.firebase.com/v1/projects/inf221tf  
  
 Sat Jun 30 2018 19:08:05 GMT-0300 (-03)
[debug] [2018-06-30T22:08:09.673Z] <<< HTTP RESPONSE 200
[debug] [2018-06-30T22:08:09.674Z] >>> HTTP REQUEST GET https://admin.firebase.com/v1/database/inf221tf/tokens  
  
 Sat Jun 30 2018 19:08:09 GMT-0300 (-03)
[debug] [2018-06-30T22:08:11.789Z] <<< HTTP RESPONSE 200
[info] 
[info] === Deploying to 'inf221tf'...
[info] 
[info] i  deploying hosting
[info] i  hosting: preparing build directory for upload...
[debug] [2018-06-30T22:08:14.240Z] >>> HTTP REQUEST PUT https://deploy.firebase.com/v1/hosting/inf221tf/uploads/-LGHjJVQey37peCMPv17?fileCount=11&message=  
  
 Sat Jun 30 2018 19:08:14 GMT-0300 (-03)
